# JRE version: OpenJDK Runtime Environment JBR-17.0.9+8-1162.7-jcef (17.0.9+8) (build 17.0.9+8-b1162.7)
# Java VM: OpenJDK 64-Bit Server VM JBR-17.0.9+8-1162.7-jcef (17.0.9+8-b1162.7, mixed mode, tiered, compressed oops, compressed class ptrs, g1 gc, windows-amd64)
GC Precious Log:
 CPUs: 16 total, 16 available
 Memory: 15613M
 Large Page Support: Disabled
 NUMA Support: Disabled
 Compressed Oops: Enabled (Zero based)
 Heap Region Size: 2M
 Heap Min Capacity: 8M
 Heap Initial Capacity: 244M
 Heap Max Capacity: 3G
 Pre-touch: Disabled
 Parallel Workers: 13
 Concurrent Workers: 3
 Concurrent Refinement Workers: 13
 Periodic GC: Disabled
Heap:
 garbage-first heap   total 245760K, used 182936K [0x0000000740000000, 0x0000000800000000)
  region size 2048K, 35 young (71680K), 2 survivors (4096K)
 Metaspace       used 98532K, committed 99392K, reserved 1179648K
  class space    used 13170K, committed 13568K, reserved 1048576K
GC Heap History (20 events):
Event: 10.003 GC heap before
{Heap before GC invocations=41 (full 0):
 garbage-first heap   total 147456K, used 120339K [0x0000000740000000, 0x0000000800000000)
  region size 2048K, 19 young (38912K), 1 survivors (2048K)
 Metaspace       used 92862K, committed 93632K, reserved 1179648K
  class space    used 12412K, committed 12800K, reserved 1048576K
}
Event: 10.006 GC heap after
{Heap after GC invocations=42 (full 0):
 garbage-first heap   total 147456K, used 86950K [0x0000000740000000, 0x0000000800000000)
  region size 2048K, 3 young (6144K), 3 survivors (6144K)
 Metaspace       used 92862K, committed 93632K, reserved 1179648K
  class space    used 12412K, committed 12800K, reserved 1048576K
}
Event: 10.282 GC heap before
{Heap before GC invocations=42 (full 0):
 garbage-first heap   total 147456K, used 119718K [0x0000000740000000, 0x0000000800000000)
  region size 2048K, 19 young (38912K), 3 survivors (6144K)
 Metaspace       used 93362K, committed 94144K, reserved 1179648K
  class space    used 12478K, committed 12864K, reserved 1048576K
}
Event: 10.285 GC heap after
{Heap after GC invocations=43 (full 0):
 garbage-first heap   total 147456K, used 88405K [0x0000000740000000, 0x0000000800000000)
  region size 2048K, 2 young (4096K), 2 survivors (4096K)
 Metaspace       used 93362K, committed 94144K, reserved 1179648K
  class space    used 12478K, committed 12864K, reserved 1048576K
}
Event: 10.747 GC heap before
{Heap before GC invocations=44 (full 0):
 garbage-first heap   total 161792K, used 119125K [0x0000000740000000, 0x0000000800000000)
  region size 2048K, 17 young (34816K), 2 survivors (4096K)
 Metaspace       used 95002K, committed 95808K, reserved 1179648K
  class space    used 12778K, committed 13184K, reserved 1048576K
}
Event: 10.750 GC heap after
{Heap after GC invocations=45 (full 0):
 garbage-first heap   total 161792K, used 92170K [0x0000000740000000, 0x0000000800000000)
  region size 2048K, 3 young (6144K), 3 survivors (6144K)
 Metaspace       used 95002K, committed 95808K, reserved 1179648K
  class space    used 12778K, committed 13184K, reserved 1048576K
}
Event: 11.107 GC heap before
{Heap before GC invocations=45 (full 0):
 garbage-first heap   total 161792K, used 129034K [0x0000000740000000, 0x0000000800000000)
  region size 2048K, 22 young (45056K), 3 survivors (6144K)
 Metaspace       used 95650K, committed 96448K, reserved 1179648K
  class space    used 12854K, committed 13248K, reserved 1048576K
}
Event: 11.113 GC heap after
{Heap after GC invocations=46 (full 0):
 garbage-first heap   total 161792K, used 98398K [0x0000000740000000, 0x0000000800000000)
  region size 2048K, 3 young (6144K), 3 survivors (6144K)
 Metaspace       used 95650K, committed 96448K, reserved 1179648K
  class space    used 12854K, committed 13248K, reserved 1048576K
}
Event: 11.332 GC heap before
{Heap before GC invocations=47 (full 0):
 garbage-first heap   total 178176K, used 131166K [0x0000000740000000, 0x0000000800000000)
  region size 2048K, 19 young (38912K), 3 survivors (6144K)
 Metaspace       used 95657K, committed 96448K, reserved 1179648K
  class space    used 12855K, committed 13248K, reserved 1048576K
}
Event: 11.335 GC heap after
{Heap after GC invocations=48 (full 0):
 garbage-first heap   total 178176K, used 100386K [0x0000000740000000, 0x0000000800000000)
  region size 2048K, 1 young (2048K), 1 survivors (2048K)
 Metaspace       used 95657K, committed 96448K, reserved 1179648K
  class space    used 12855K, committed 13248K, reserved 1048576K
}
Event: 11.576 GC heap before
{Heap before GC invocations=48 (full 0):
 garbage-first heap   total 178176K, used 141346K [0x0000000740000000, 0x0000000800000000)
  region size 2048K, 22 young (45056K), 1 survivors (2048K)
 Metaspace       used 95796K, committed 96640K, reserved 1179648K
  class space    used 12863K, committed 13248K, reserved 1048576K
}
Event: 11.579 GC heap after
{Heap after GC invocations=49 (full 0):
 garbage-first heap   total 178176K, used 103714K [0x0000000740000000, 0x0000000800000000)
  region size 2048K, 3 young (6144K), 3 survivors (6144K)
 Metaspace       used 95796K, committed 96640K, reserved 1179648K
  class space    used 12863K, committed 13248K, reserved 1048576K
}
Event: 12.037 GC heap before
{Heap before GC invocations=50 (full 0):
 garbage-first heap   total 204800K, used 146722K [0x0000000740000000, 0x0000000800000000)
  region size 2048K, 22 young (45056K), 3 survivors (6144K)
 Metaspace       used 96054K, committed 96832K, reserved 1179648K
  class space    used 12875K, committed 13248K, reserved 1048576K
}
Event: 12.042 GC heap after
{Heap after GC invocations=51 (full 0):
 garbage-first heap   total 204800K, used 108281K [0x0000000740000000, 0x0000000800000000)
  region size 2048K, 3 young (6144K), 3 survivors (6144K)
 Metaspace       used 96054K, committed 96832K, reserved 1179648K
  class space    used 12875K, committed 13248K, reserved 1048576K
}
Event: 13.099 GC heap before
{Heap before GC invocations=51 (full 0):
 garbage-first heap   total 204800K, used 161529K [0x0000000740000000, 0x0000000800000000)
  region size 2048K, 29 young (59392K), 3 survivors (6144K)
 Metaspace       used 97552K, committed 98368K, reserved 1179648K
  class space    used 13059K, committed 13440K, reserved 1048576K
}
Event: 13.104 GC heap after
{Heap after GC invocations=52 (full 0):
 garbage-first heap   total 204800K, used 113619K [0x0000000740000000, 0x0000000800000000)
  region size 2048K, 3 young (6144K), 3 survivors (6144K)
 Metaspace       used 97552K, committed 98368K, reserved 1179648K
  class space    used 13059K, committed 13440K, reserved 1048576K
}
Event: 13.931 GC heap before
{Heap before GC invocations=53 (full 0):
 garbage-first heap   total 204800K, used 164819K [0x0000000740000000, 0x0000000800000000)
  region size 2048K, 28 young (57344K), 3 survivors (6144K)
 Metaspace       used 97778K, committed 98624K, reserved 1179648K
  class space    used 13074K, committed 13440K, reserved 1048576K
}
Event: 13.935 GC heap after
{Heap after GC invocations=54 (full 0):
 garbage-first heap   total 204800K, used 115748K [0x0000000740000000, 0x0000000800000000)
  region size 2048K, 4 young (8192K), 4 survivors (8192K)
 Metaspace       used 97778K, committed 98624K, reserved 1179648K
  class space    used 13074K, committed 13440K, reserved 1048576K
}
Event: 14.211 GC heap before
{Heap before GC invocations=54 (full 0):
 garbage-first heap   total 204800K, used 162852K [0x0000000740000000, 0x0000000800000000)
  region size 2048K, 27 young (55296K), 4 survivors (8192K)
 Metaspace       used 97778K, committed 98624K, reserved 1179648K
  class space    used 13074K, committed 13440K, reserved 1048576K
}
Event: 14.214 GC heap after
{Heap after GC invocations=55 (full 0):
 garbage-first heap   total 245760K, used 117400K [0x0000000740000000, 0x0000000800000000)
  region size 2048K, 2 young (4096K), 2 survivors (4096K)
 Metaspace       used 97778K, committed 98624K, reserved 1179648K
  class space    used 13074K, committed 13440K, reserved 1048576K
}

