# JRE version: OpenJDK Runtime Environment Zulu17.46+19-CA (17.0.9+8) (build 17.0.9+8-LTS)
# Java VM: OpenJDK 64-Bit Server VM Zulu17.46+19-CA (17.0.9+8-LTS, mixed mode, sharing, tiered, compressed oops, compressed class ptrs, g1 gc, windows-amd64)
GC Precious Log:
 CPUs: 16 total, 16 available
 Memory: 15612M
 Large Page Support: Disabled
 NUMA Support: Disabled
 Compressed Oops: Enabled (Zero based)
 Heap Region Size: 2M
 Heap Min Capacity: 8M
 Heap Initial Capacity: 244M
 Heap Max Capacity: 3G
 Pre-touch: Disabled
 Parallel Workers: 13
 Concurrent Workers: 3
 Concurrent Refinement Workers: 13
 Periodic GC: Disabled
Heap:
 garbage-first heap   total 249856K, used 152399K [0x0000000740000000, 0x0000000800000000)
  region size 2048K, 2 young (4096K), 2 survivors (4096K)
 Metaspace       used 82406K, committed 83200K, reserved 1179648K
  class space    used 11372K, committed 11776K, reserved 1048576K
GC Heap History (20 events):
Event: 10.323 GC heap after
{Heap after GC invocations=29 (full 0):
 garbage-first heap   total 133120K, used 80720K [0x0000000740000000, 0x0000000800000000)
  region size 2048K, 2 young (4096K), 2 survivors (4096K)
 Metaspace       used 75294K, committed 76096K, reserved 1114112K
  class space    used 10546K, committed 10944K, reserved 1048576K
}
Event: 10.574 GC heap before
{Heap before GC invocations=30 (full 0):
 garbage-first heap   total 143360K, used 107344K [0x0000000740000000, 0x0000000800000000)
  region size 2048K, 15 young (30720K), 2 survivors (4096K)
 Metaspace       used 75574K, committed 76352K, reserved 1179648K
  class space    used 10583K, committed 10944K, reserved 1048576K
}
Event: 10.577 GC heap after
{Heap after GC invocations=31 (full 0):
 garbage-first heap   total 143360K, used 81405K [0x0000000740000000, 0x0000000800000000)
  region size 2048K, 2 young (4096K), 2 survivors (4096K)
 Metaspace       used 75574K, committed 76352K, reserved 1179648K
  class space    used 10583K, committed 10944K, reserved 1048576K
}
Event: 11.049 GC heap before
{Heap before GC invocations=31 (full 0):
 garbage-first heap   total 143360K, used 116221K [0x0000000740000000, 0x0000000800000000)
  region size 2048K, 19 young (38912K), 2 survivors (4096K)
 Metaspace       used 77379K, committed 78208K, reserved 1179648K
  class space    used 10803K, committed 11200K, reserved 1048576K
}
Event: 11.052 GC heap after
{Heap after GC invocations=32 (full 0):
 garbage-first heap   total 198656K, used 83784K [0x0000000740000000, 0x0000000800000000)
  region size 2048K, 3 young (6144K), 3 survivors (6144K)
 Metaspace       used 77379K, committed 78208K, reserved 1179648K
  class space    used 10803K, committed 11200K, reserved 1048576K
}
Event: 46.172 GC heap before
{Heap before GC invocations=32 (full 0):
 garbage-first heap   total 198656K, used 155464K [0x0000000740000000, 0x0000000800000000)
  region size 2048K, 39 young (79872K), 3 survivors (6144K)
 Metaspace       used 80383K, committed 81280K, reserved 1179648K
  class space    used 11157K, committed 11584K, reserved 1048576K
}
Event: 46.175 GC heap after
{Heap after GC invocations=33 (full 0):
 garbage-first heap   total 198656K, used 86155K [0x0000000740000000, 0x0000000800000000)
  region size 2048K, 4 young (8192K), 4 survivors (8192K)
 Metaspace       used 80383K, committed 81280K, reserved 1179648K
  class space    used 11157K, committed 11584K, reserved 1048576K
}
Event: 46.733 GC heap before
{Heap before GC invocations=33 (full 0):
 garbage-first heap   total 198656K, used 157835K [0x0000000740000000, 0x0000000800000000)
  region size 2048K, 40 young (81920K), 4 survivors (8192K)
 Metaspace       used 80936K, committed 81792K, reserved 1179648K
  class space    used 11207K, committed 11584K, reserved 1048576K
}
Event: 46.737 GC heap after
{Heap after GC invocations=34 (full 0):
 garbage-first heap   total 198656K, used 87179K [0x0000000740000000, 0x0000000800000000)
  region size 2048K, 3 young (6144K), 3 survivors (6144K)
 Metaspace       used 80936K, committed 81792K, reserved 1179648K
  class space    used 11207K, committed 11584K, reserved 1048576K
}
Event: 46.973 GC heap before
{Heap before GC invocations=34 (full 0):
 garbage-first heap   total 198656K, used 167051K [0x0000000740000000, 0x0000000800000000)
  region size 2048K, 40 young (81920K), 3 survivors (6144K)
 Metaspace       used 82045K, committed 82944K, reserved 1179648K
  class space    used 11341K, committed 11776K, reserved 1048576K
}
Event: 46.984 GC heap after
{Heap after GC invocations=35 (full 0):
 garbage-first heap   total 198656K, used 114124K [0x0000000740000000, 0x0000000800000000)
  region size 2048K, 5 young (10240K), 5 survivors (10240K)
 Metaspace       used 82045K, committed 82944K, reserved 1179648K
  class space    used 11341K, committed 11776K, reserved 1048576K
}
Event: 47.193 GC heap before
{Heap before GC invocations=35 (full 0):
 garbage-first heap   total 198656K, used 153036K [0x0000000740000000, 0x0000000800000000)
  region size 2048K, 25 young (51200K), 5 survivors (10240K)
 Metaspace       used 82054K, committed 82944K, reserved 1179648K
  class space    used 11341K, committed 11776K, reserved 1048576K
}
Event: 47.205 GC heap after
{Heap after GC invocations=36 (full 0):
 garbage-first heap   total 198656K, used 123529K [0x0000000740000000, 0x0000000800000000)
  region size 2048K, 4 young (8192K), 4 survivors (8192K)
 Metaspace       used 82054K, committed 82944K, reserved 1179648K
  class space    used 11341K, committed 11776K, reserved 1048576K
}
Event: 47.302 GC heap before
{Heap before GC invocations=37 (full 0):
 garbage-first heap   total 239616K, used 152201K [0x0000000740000000, 0x0000000800000000)
  region size 2048K, 19 young (38912K), 4 survivors (8192K)
 Metaspace       used 82054K, committed 82944K, reserved 1179648K
  class space    used 11341K, committed 11776K, reserved 1048576K
}
Event: 47.309 GC heap after
{Heap after GC invocations=38 (full 0):
 garbage-first heap   total 239616K, used 129435K [0x0000000740000000, 0x0000000800000000)
  region size 2048K, 3 young (6144K), 3 survivors (6144K)
 Metaspace       used 82054K, committed 82944K, reserved 1179648K
  class space    used 11341K, committed 11776K, reserved 1048576K
}
Event: 47.456 GC heap before
{Heap before GC invocations=38 (full 0):
 garbage-first heap   total 239616K, used 176539K [0x0000000740000000, 0x0000000800000000)
  region size 2048K, 27 young (55296K), 3 survivors (6144K)
 Metaspace       used 82211K, committed 83072K, reserved 1179648K
  class space    used 11362K, committed 11776K, reserved 1048576K
}
Event: 47.463 GC heap after
{Heap after GC invocations=39 (full 0):
 garbage-first heap   total 239616K, used 139508K [0x0000000740000000, 0x0000000800000000)
  region size 2048K, 4 young (8192K), 4 survivors (8192K)
 Metaspace       used 82211K, committed 83072K, reserved 1179648K
  class space    used 11362K, committed 11776K, reserved 1048576K
}
Event: 47.567 GC heap before
{Heap before GC invocations=39 (full 0):
 garbage-first heap   total 239616K, used 182516K [0x0000000740000000, 0x0000000800000000)
  region size 2048K, 25 young (51200K), 4 survivors (8192K)
 Metaspace       used 82211K, committed 83072K, reserved 1179648K
  class space    used 11362K, committed 11776K, reserved 1048576K
}
Event: 47.574 GC heap after
{Heap after GC invocations=40 (full 0):
 garbage-first heap   total 239616K, used 148539K [0x0000000740000000, 0x0000000800000000)
  region size 2048K, 4 young (8192K), 4 survivors (8192K)
 Metaspace       used 82211K, committed 83072K, reserved 1179648K
  class space    used 11362K, committed 11776K, reserved 1048576K
}
Event: 47.728 GC heap before
{Heap before GC invocations=40 (full 0):
 garbage-first heap   total 239616K, used 187451K [0x0000000740000000, 0x0000000800000000)
  region size 2048K, 23 young (47104K), 4 survivors (8192K)
 Metaspace       used 82406K, committed 83200K, reserved 1179648K
  class space    used 11372K, committed 11776K, reserved 1048576K
}

