# JRE version: OpenJDK Runtime Environment Zulu17.46+19-CA (17.0.9+8) (build 17.0.9+8-LTS)
# Java VM: OpenJDK 64-Bit Server VM Zulu17.46+19-CA (17.0.9+8-LTS, mixed mode, sharing, tiered, compressed oops, compressed class ptrs, g1 gc, windows-amd64)
GC Precious Log:
 CPUs: 16 total, 16 available
 Memory: 15612M
 Large Page Support: Disabled
 NUMA Support: Disabled
 Compressed Oops: Enabled (Zero based)
 Heap Region Size: 2M
 Heap Min Capacity: 8M
 Heap Initial Capacity: 244M
 Heap Max Capacity: 3G
 Pre-touch: Disabled
 Parallel Workers: 13
 Concurrent Workers: 3
 Concurrent Refinement Workers: 13
 Periodic GC: Disabled
Heap:
 garbage-first heap   total 198656K, used 122072K [0x0000000740000000, 0x0000000800000000)
  region size 2048K, 22 young (45056K), 3 survivors (6144K)
 Metaspace       used 77316K, committed 78144K, reserved 1179648K
  class space    used 10766K, committed 11136K, reserved 1048576K
GC Heap History (20 events):
Event: 6.889 GC heap before
{Heap before GC invocations=20 (full 0):
 garbage-first heap   total 108544K, used 86560K [0x0000000740000000, 0x0000000800000000)
  region size 2048K, 14 young (28672K), 2 survivors (4096K)
 Metaspace       used 61809K, committed 62464K, reserved 1114112K
  class space    used 8598K, committed 8896K, reserved 1048576K
}
Event: 6.892 GC heap after
{Heap after GC invocations=21 (full 0):
 garbage-first heap   total 108544K, used 64660K [0x0000000740000000, 0x0000000800000000)
  region size 2048K, 2 young (4096K), 2 survivors (4096K)
 Metaspace       used 61809K, committed 62464K, reserved 1114112K
  class space    used 8598K, committed 8896K, reserved 1048576K
}
Event: 7.113 GC heap before
{Heap before GC invocations=22 (full 0):
 garbage-first heap   total 116736K, used 85140K [0x0000000740000000, 0x0000000800000000)
  region size 2048K, 12 young (24576K), 2 survivors (4096K)
 Metaspace       used 62640K, committed 63296K, reserved 1114112K
  class space    used 8698K, committed 9024K, reserved 1048576K
}
Event: 7.115 GC heap after
{Heap after GC invocations=23 (full 0):
 garbage-first heap   total 116736K, used 67269K [0x0000000740000000, 0x0000000800000000)
  region size 2048K, 2 young (4096K), 2 survivors (4096K)
 Metaspace       used 62640K, committed 63296K, reserved 1114112K
  class space    used 8698K, committed 9024K, reserved 1048576K
}
Event: 7.386 GC heap before
{Heap before GC invocations=23 (full 0):
 garbage-first heap   total 116736K, used 93893K [0x0000000740000000, 0x0000000800000000)
  region size 2048K, 15 young (30720K), 2 survivors (4096K)
 Metaspace       used 65215K, committed 65856K, reserved 1114112K
  class space    used 9053K, committed 9344K, reserved 1048576K
}
Event: 7.389 GC heap after
{Heap after GC invocations=24 (full 0):
 garbage-first heap   total 116736K, used 68836K [0x0000000740000000, 0x0000000800000000)
  region size 2048K, 1 young (2048K), 1 survivors (2048K)
 Metaspace       used 65215K, committed 65856K, reserved 1114112K
  class space    used 9053K, committed 9344K, reserved 1048576K
}
Event: 7.662 GC heap before
{Heap before GC invocations=25 (full 0):
 garbage-first heap   total 120832K, used 93412K [0x0000000740000000, 0x0000000800000000)
  region size 2048K, 14 young (28672K), 1 survivors (2048K)
 Metaspace       used 68486K, committed 69184K, reserved 1114112K
  class space    used 9529K, committed 9856K, reserved 1048576K
}
Event: 7.664 GC heap after
{Heap after GC invocations=26 (full 0):
 garbage-first heap   total 145408K, used 69503K [0x0000000740000000, 0x0000000800000000)
  region size 2048K, 2 young (4096K), 2 survivors (4096K)
 Metaspace       used 68486K, committed 69184K, reserved 1114112K
  class space    used 9529K, committed 9856K, reserved 1048576K
}
Event: 7.682 GC heap before
{Heap before GC invocations=26 (full 0):
 garbage-first heap   total 145408K, used 71551K [0x0000000740000000, 0x0000000800000000)
  region size 2048K, 3 young (6144K), 2 survivors (4096K)
 Metaspace       used 68803K, committed 69504K, reserved 1114112K
  class space    used 9565K, committed 9920K, reserved 1048576K
}
Event: 7.684 GC heap after
{Heap after GC invocations=27 (full 0):
 garbage-first heap   total 145408K, used 69375K [0x0000000740000000, 0x0000000800000000)
  region size 2048K, 1 young (2048K), 1 survivors (2048K)
 Metaspace       used 68803K, committed 69504K, reserved 1114112K
  class space    used 9565K, committed 9920K, reserved 1048576K
}
Event: 8.309 GC heap before
{Heap before GC invocations=27 (full 0):
 garbage-first heap   total 145408K, used 114431K [0x0000000740000000, 0x0000000800000000)
  region size 2048K, 23 young (47104K), 1 survivors (2048K)
 Metaspace       used 72810K, committed 73472K, reserved 1114112K
  class space    used 10095K, committed 10432K, reserved 1048576K
}
Event: 8.311 GC heap after
{Heap after GC invocations=28 (full 0):
 garbage-first heap   total 145408K, used 71665K [0x0000000740000000, 0x0000000800000000)
  region size 2048K, 2 young (4096K), 2 survivors (4096K)
 Metaspace       used 72810K, committed 73472K, reserved 1114112K
  class space    used 10095K, committed 10432K, reserved 1048576K
}
Event: 9.301 GC heap before
{Heap before GC invocations=29 (full 0):
 garbage-first heap   total 145408K, used 116721K [0x0000000740000000, 0x0000000800000000)
  region size 2048K, 24 young (49152K), 2 survivors (4096K)
 Metaspace       used 73902K, committed 74688K, reserved 1114112K
  class space    used 10257K, committed 10624K, reserved 1048576K
}
Event: 9.305 GC heap after
{Heap after GC invocations=30 (full 0):
 garbage-first heap   total 145408K, used 76255K [0x0000000740000000, 0x0000000800000000)
  region size 2048K, 3 young (6144K), 3 survivors (6144K)
 Metaspace       used 73902K, committed 74688K, reserved 1114112K
  class space    used 10257K, committed 10624K, reserved 1048576K
}
Event: 9.745 GC heap before
{Heap before GC invocations=30 (full 0):
 garbage-first heap   total 145408K, used 117215K [0x0000000740000000, 0x0000000800000000)
  region size 2048K, 23 young (47104K), 3 survivors (6144K)
 Metaspace       used 75097K, committed 75904K, reserved 1114112K
  class space    used 10448K, committed 10816K, reserved 1048576K
}
Event: 9.749 GC heap after
{Heap after GC invocations=31 (full 0):
 garbage-first heap   total 145408K, used 81420K [0x0000000740000000, 0x0000000800000000)
  region size 2048K, 3 young (6144K), 3 survivors (6144K)
 Metaspace       used 75097K, committed 75904K, reserved 1114112K
  class space    used 10448K, committed 10816K, reserved 1048576K
}
Event: 10.070 GC heap before
{Heap before GC invocations=31 (full 0):
 garbage-first heap   total 145408K, used 114188K [0x0000000740000000, 0x0000000800000000)
  region size 2048K, 20 young (40960K), 3 survivors (6144K)
 Metaspace       used 76007K, committed 76736K, reserved 1179648K
  class space    used 10620K, committed 10944K, reserved 1048576K
}
Event: 10.074 GC heap after
{Heap after GC invocations=32 (full 0):
 garbage-first heap   total 145408K, used 84678K [0x0000000740000000, 0x0000000800000000)
  region size 2048K, 2 young (4096K), 2 survivors (4096K)
 Metaspace       used 76007K, committed 76736K, reserved 1179648K
  class space    used 10620K, committed 10944K, reserved 1048576K
}
Event: 10.349 GC heap before
{Heap before GC invocations=32 (full 0):
 garbage-first heap   total 145408K, used 115398K [0x0000000740000000, 0x0000000800000000)
  region size 2048K, 18 young (36864K), 2 survivors (4096K)
 Metaspace       used 76315K, committed 77056K, reserved 1179648K
  class space    used 10651K, committed 11008K, reserved 1048576K
}
Event: 10.352 GC heap after
{Heap after GC invocations=33 (full 0):
 garbage-first heap   total 198656K, used 87256K [0x0000000740000000, 0x0000000800000000)
  region size 2048K, 3 young (6144K), 3 survivors (6144K)
 Metaspace       used 76315K, committed 77056K, reserved 1179648K
  class space    used 10651K, committed 11008K, reserved 1048576K
}

