# JRE version: OpenJDK Runtime Environment Corretto-17.0.10.7.1 (17.0.10+7) (build 17.0.10+7-LTS)
# Java VM: OpenJDK 64-Bit Server VM Corretto-17.0.10.7.1 (17.0.10+7-LTS, mixed mode, sharing, tiered, compressed oops, compressed class ptrs, g1 gc, windows-amd64)
GC Precious Log:
 CPUs: 16 total, 16 available
 Memory: 15613M
 Large Page Support: Disabled
 NUMA Support: Disabled
 Compressed Oops: Enabled (Zero based)
 Heap Region Size: 2M
 Heap Min Capacity: 8M
 Heap Initial Capacity: 244M
 Heap Max Capacity: 3G
 Pre-touch: Disabled
 Parallel Workers: 13
 Concurrent Workers: 3
 Concurrent Refinement Workers: 13
 Periodic GC: Disabled
Heap:
 garbage-first heap   total 323584K, used 255827K [0x0000000740000000, 0x0000000800000000)
  region size 2048K, 49 young (100352K), 4 survivors (8192K)
 Metaspace       used 95313K, committed 96384K, reserved 1179648K
  class space    used 12763K, committed 13248K, reserved 1048576K
GC Heap History (20 events):
Event: 15.799 GC heap before
{Heap before GC invocations=32 (full 0):
 garbage-first heap   total 208896K, used 167030K [0x0000000740000000, 0x0000000800000000)
  region size 2048K, 30 young (61440K), 4 survivors (8192K)
 Metaspace       used 93089K, committed 94016K, reserved 1179648K
  class space    used 12548K, committed 12992K, reserved 1048576K
}
Event: 15.807 GC heap after
{Heap after GC invocations=33 (full 0):
 garbage-first heap   total 208896K, used 125589K [0x0000000740000000, 0x0000000800000000)
  region size 2048K, 4 young (8192K), 4 survivors (8192K)
 Metaspace       used 93089K, committed 94016K, reserved 1179648K
  class space    used 12548K, committed 12992K, reserved 1048576K
}
Event: 15.828 GC heap before
{Heap before GC invocations=33 (full 0):
 garbage-first heap   total 208896K, used 127637K [0x0000000740000000, 0x0000000800000000)
  region size 2048K, 5 young (10240K), 4 survivors (8192K)
 Metaspace       used 93091K, committed 94016K, reserved 1179648K
  class space    used 12548K, committed 12992K, reserved 1048576K
}
Event: 15.832 GC heap after
{Heap after GC invocations=34 (full 0):
 garbage-first heap   total 208896K, used 126811K [0x0000000740000000, 0x0000000800000000)
  region size 2048K, 1 young (2048K), 1 survivors (2048K)
 Metaspace       used 93091K, committed 94016K, reserved 1179648K
  class space    used 12548K, committed 12992K, reserved 1048576K
}
Event: 16.088 GC heap before
{Heap before GC invocations=34 (full 0):
 garbage-first heap   total 208896K, used 167771K [0x0000000740000000, 0x0000000800000000)
  region size 2048K, 21 young (43008K), 1 survivors (2048K)
 Metaspace       used 93106K, committed 94016K, reserved 1179648K
  class space    used 12548K, committed 12992K, reserved 1048576K
}
Event: 16.090 GC heap after
{Heap after GC invocations=35 (full 0):
 garbage-first heap   total 208896K, used 128044K [0x0000000740000000, 0x0000000800000000)
  region size 2048K, 2 young (4096K), 2 survivors (4096K)
 Metaspace       used 93106K, committed 94016K, reserved 1179648K
  class space    used 12548K, committed 12992K, reserved 1048576K
}
Event: 16.316 GC heap before
{Heap before GC invocations=35 (full 0):
 garbage-first heap   total 208896K, used 169004K [0x0000000740000000, 0x0000000800000000)
  region size 2048K, 22 young (45056K), 2 survivors (4096K)
 Metaspace       used 93106K, committed 94016K, reserved 1179648K
  class space    used 12549K, committed 12992K, reserved 1048576K
}
Event: 16.318 GC heap after
{Heap after GC invocations=36 (full 0):
 garbage-first heap   total 208896K, used 129609K [0x0000000740000000, 0x0000000800000000)
  region size 2048K, 3 young (6144K), 3 survivors (6144K)
 Metaspace       used 93106K, committed 94016K, reserved 1179648K
  class space    used 12549K, committed 12992K, reserved 1048576K
}
Event: 16.544 GC heap before
{Heap before GC invocations=36 (full 0):
 garbage-first heap   total 208896K, used 174665K [0x0000000740000000, 0x0000000800000000)
  region size 2048K, 23 young (47104K), 3 survivors (6144K)
 Metaspace       used 93157K, committed 94080K, reserved 1179648K
  class space    used 12549K, committed 12992K, reserved 1048576K
}
Event: 16.547 GC heap after
{Heap after GC invocations=37 (full 0):
 garbage-first heap   total 208896K, used 136725K [0x0000000740000000, 0x0000000800000000)
  region size 2048K, 3 young (6144K), 3 survivors (6144K)
 Metaspace       used 93157K, committed 94080K, reserved 1179648K
  class space    used 12549K, committed 12992K, reserved 1048576K
}
Event: 16.703 GC heap before
{Heap before GC invocations=37 (full 0):
 garbage-first heap   total 208896K, used 169493K [0x0000000740000000, 0x0000000800000000)
  region size 2048K, 17 young (34816K), 3 survivors (6144K)
 Metaspace       used 93239K, committed 94208K, reserved 1179648K
  class space    used 12549K, committed 12992K, reserved 1048576K
}
Event: 16.707 GC heap after
{Heap after GC invocations=38 (full 0):
 garbage-first heap   total 208896K, used 138721K [0x0000000740000000, 0x0000000800000000)
  region size 2048K, 3 young (6144K), 3 survivors (6144K)
 Metaspace       used 93239K, committed 94208K, reserved 1179648K
  class space    used 12549K, committed 12992K, reserved 1048576K
}
Event: 16.795 GC heap before
{Heap before GC invocations=38 (full 0):
 garbage-first heap   total 208896K, used 165345K [0x0000000740000000, 0x0000000800000000)
  region size 2048K, 12 young (24576K), 3 survivors (6144K)
 Metaspace       used 93268K, committed 94208K, reserved 1179648K
  class space    used 12550K, committed 12992K, reserved 1048576K
}
Event: 16.800 GC heap after
{Heap after GC invocations=39 (full 0):
 garbage-first heap   total 323584K, used 142130K [0x0000000740000000, 0x0000000800000000)
  region size 2048K, 2 young (4096K), 2 survivors (4096K)
 Metaspace       used 93268K, committed 94208K, reserved 1179648K
  class space    used 12550K, committed 12992K, reserved 1048576K
}
Event: 18.708 GC heap before
{Heap before GC invocations=39 (full 0):
 garbage-first heap   total 323584K, used 248626K [0x0000000740000000, 0x0000000800000000)
  region size 2048K, 54 young (110592K), 2 survivors (4096K)
 Metaspace       used 94477K, committed 95488K, reserved 1179648K
  class space    used 12672K, committed 13184K, reserved 1048576K
}
Event: 18.715 GC heap after
{Heap after GC invocations=40 (full 0):
 garbage-first heap   total 323584K, used 151783K [0x0000000740000000, 0x0000000800000000)
  region size 2048K, 7 young (14336K), 7 survivors (14336K)
 Metaspace       used 94477K, committed 95488K, reserved 1179648K
  class space    used 12672K, committed 13184K, reserved 1048576K
}
Event: 19.823 GC heap before
{Heap before GC invocations=40 (full 0):
 garbage-first heap   total 323584K, used 252135K [0x0000000740000000, 0x0000000800000000)
  region size 2048K, 56 young (114688K), 7 survivors (14336K)
 Metaspace       used 94588K, committed 95680K, reserved 1179648K
  class space    used 12676K, committed 13184K, reserved 1048576K
}
Event: 19.830 GC heap after
{Heap after GC invocations=41 (full 0):
 garbage-first heap   total 323584K, used 161644K [0x0000000740000000, 0x0000000800000000)
  region size 2048K, 6 young (12288K), 6 survivors (12288K)
 Metaspace       used 94588K, committed 95680K, reserved 1179648K
  class space    used 12676K, committed 13184K, reserved 1048576K
}
Event: 20.431 GC heap before
{Heap before GC invocations=41 (full 0):
 garbage-first heap   total 323584K, used 253804K [0x0000000740000000, 0x0000000800000000)
  region size 2048K, 51 young (104448K), 6 survivors (12288K)
 Metaspace       used 94588K, committed 95680K, reserved 1179648K
  class space    used 12676K, committed 13184K, reserved 1048576K
}
Event: 20.435 GC heap after
{Heap after GC invocations=42 (full 0):
 garbage-first heap   total 323584K, used 165715K [0x0000000740000000, 0x0000000800000000)
  region size 2048K, 4 young (8192K), 4 survivors (8192K)
 Metaspace       used 94588K, committed 95680K, reserved 1179648K
  class space    used 12676K, committed 13184K, reserved 1048576K
}

