# JRE version: OpenJDK Runtime Environment Corretto-17.0.10.7.1 (17.0.10+7) (build 17.0.10+7-LTS)
# Java VM: OpenJDK 64-Bit Server VM Corretto-17.0.10.7.1 (17.0.10+7-LTS, mixed mode, sharing, tiered, compressed oops, compressed class ptrs, g1 gc, windows-amd64)
GC Precious Log:
 CPUs: 16 total, 16 available
 Memory: 15613M
 Large Page Support: Disabled
 NUMA Support: Disabled
 Compressed Oops: Enabled (Zero based)
 Heap Region Size: 2M
 Heap Min Capacity: 8M
 Heap Initial Capacity: 244M
 Heap Max Capacity: 3G
 Pre-touch: Disabled
 Parallel Workers: 13
 Concurrent Workers: 3
 Concurrent Refinement Workers: 13
 Periodic GC: Disabled
Heap:
 garbage-first heap   total 249856K, used 109991K [0x0000000740000000, 0x0000000800000000)
  region size 2048K, 4 young (8192K), 4 survivors (8192K)
 Metaspace       used 89545K, committed 90432K, reserved 1179648K
  class space    used 12104K, committed 12544K, reserved 1048576K
GC Heap History (20 events):
Event: 21.398 GC heap after
{Heap after GC invocations=44 (full 0):
 garbage-first heap   total 159744K, used 104043K [0x0000000740000000, 0x0000000800000000)
  region size 2048K, 2 young (4096K), 2 survivors (4096K)
 Metaspace       used 88871K, committed 89664K, reserved 1179648K
  class space    used 12032K, committed 12416K, reserved 1048576K
}
Event: 22.028 GC heap before
{Heap before GC invocations=44 (full 0):
 garbage-first heap   total 159744K, used 132715K [0x0000000740000000, 0x0000000800000000)
  region size 2048K, 16 young (32768K), 2 survivors (4096K)
 Metaspace       used 88971K, committed 89728K, reserved 1179648K
  class space    used 12041K, committed 12416K, reserved 1048576K
}
Event: 22.030 GC heap after
{Heap after GC invocations=45 (full 0):
 garbage-first heap   total 159744K, used 105308K [0x0000000740000000, 0x0000000800000000)
  region size 2048K, 2 young (4096K), 2 survivors (4096K)
 Metaspace       used 88971K, committed 89728K, reserved 1179648K
  class space    used 12041K, committed 12416K, reserved 1048576K
}
Event: 22.062 GC heap before
{Heap before GC invocations=45 (full 0):
 garbage-first heap   total 159744K, used 117596K [0x0000000740000000, 0x0000000800000000)
  region size 2048K, 6 young (12288K), 2 survivors (4096K)
 Metaspace       used 88973K, committed 89728K, reserved 1179648K
  class space    used 12041K, committed 12416K, reserved 1048576K
}
Event: 22.063 GC heap after
{Heap after GC invocations=46 (full 0):
 garbage-first heap   total 159744K, used 106255K [0x0000000740000000, 0x0000000800000000)
  region size 2048K, 1 young (2048K), 1 survivors (2048K)
 Metaspace       used 88973K, committed 89728K, reserved 1179648K
  class space    used 12041K, committed 12416K, reserved 1048576K
}
Event: 22.087 GC heap before
{Heap before GC invocations=46 (full 0):
 garbage-first heap   total 159744K, used 108303K [0x0000000740000000, 0x0000000800000000)
  region size 2048K, 2 young (4096K), 1 survivors (2048K)
 Metaspace       used 88973K, committed 89728K, reserved 1179648K
  class space    used 12041K, committed 12416K, reserved 1048576K
}
Event: 22.088 GC heap after
{Heap after GC invocations=47 (full 0):
 garbage-first heap   total 159744K, used 104048K [0x0000000740000000, 0x0000000800000000)
  region size 2048K, 1 young (2048K), 1 survivors (2048K)
 Metaspace       used 88973K, committed 89728K, reserved 1179648K
  class space    used 12041K, committed 12416K, reserved 1048576K
}
Event: 22.110 GC heap before
{Heap before GC invocations=47 (full 0):
 garbage-first heap   total 159744K, used 106096K [0x0000000740000000, 0x0000000800000000)
  region size 2048K, 2 young (4096K), 1 survivors (2048K)
 Metaspace       used 88973K, committed 89728K, reserved 1179648K
  class space    used 12041K, committed 12416K, reserved 1048576K
}
Event: 22.111 GC heap after
{Heap after GC invocations=48 (full 0):
 garbage-first heap   total 159744K, used 106037K [0x0000000740000000, 0x0000000800000000)
  region size 2048K, 1 young (2048K), 1 survivors (2048K)
 Metaspace       used 88973K, committed 89728K, reserved 1179648K
  class space    used 12041K, committed 12416K, reserved 1048576K
}
Event: 22.458 GC heap before
{Heap before GC invocations=49 (full 0):
 garbage-first heap   total 202752K, used 159285K [0x0000000740000000, 0x0000000800000000)
  region size 2048K, 15 young (30720K), 1 survivors (2048K)
 Metaspace       used 89104K, committed 89920K, reserved 1179648K
  class space    used 12058K, committed 12480K, reserved 1048576K
}
Event: 22.461 GC heap after
{Heap after GC invocations=50 (full 0):
 garbage-first heap   total 202752K, used 106126K [0x0000000740000000, 0x0000000800000000)
  region size 2048K, 2 young (4096K), 2 survivors (4096K)
 Metaspace       used 89104K, committed 89920K, reserved 1179648K
  class space    used 12058K, committed 12480K, reserved 1048576K
}
Event: 22.529 GC heap before
{Heap before GC invocations=50 (full 0):
 garbage-first heap   total 202752K, used 110222K [0x0000000740000000, 0x0000000800000000)
  region size 2048K, 4 young (8192K), 2 survivors (4096K)
 Metaspace       used 89137K, committed 89984K, reserved 1179648K
  class space    used 12058K, committed 12480K, reserved 1048576K
}
Event: 22.530 GC heap after
{Heap after GC invocations=51 (full 0):
 garbage-first heap   total 202752K, used 108392K [0x0000000740000000, 0x0000000800000000)
  region size 2048K, 2 young (4096K), 2 survivors (4096K)
 Metaspace       used 89137K, committed 89984K, reserved 1179648K
  class space    used 12058K, committed 12480K, reserved 1048576K
}
Event: 22.531 GC heap before
{Heap before GC invocations=51 (full 0):
 garbage-first heap   total 202752K, used 110440K [0x0000000740000000, 0x0000000800000000)
  region size 2048K, 3 young (6144K), 2 survivors (4096K)
 Metaspace       used 89137K, committed 89984K, reserved 1179648K
  class space    used 12058K, committed 12480K, reserved 1048576K
}
Event: 22.533 GC heap after
{Heap after GC invocations=52 (full 0):
 garbage-first heap   total 202752K, used 110491K [0x0000000740000000, 0x0000000800000000)
  region size 2048K, 2 young (4096K), 2 survivors (4096K)
 Metaspace       used 89137K, committed 89984K, reserved 1179648K
  class space    used 12058K, committed 12480K, reserved 1048576K
}
Event: 22.539 GC heap before
{Heap before GC invocations=52 (full 0):
 garbage-first heap   total 202752K, used 112539K [0x0000000740000000, 0x0000000800000000)
  region size 2048K, 3 young (6144K), 2 survivors (4096K)
 Metaspace       used 89137K, committed 89984K, reserved 1179648K
  class space    used 12058K, committed 12480K, reserved 1048576K
}
Event: 22.541 GC heap after
{Heap after GC invocations=53 (full 0):
 garbage-first heap   total 202752K, used 108499K [0x0000000740000000, 0x0000000800000000)
  region size 2048K, 2 young (4096K), 2 survivors (4096K)
 Metaspace       used 89137K, committed 89984K, reserved 1179648K
  class space    used 12058K, committed 12480K, reserved 1048576K
}
Event: 22.798 GC heap before
{Heap before GC invocations=54 (full 0):
 garbage-first heap   total 202752K, used 174035K [0x0000000740000000, 0x0000000800000000)
  region size 2048K, 33 young (67584K), 2 survivors (4096K)
 Metaspace       used 89244K, committed 90048K, reserved 1179648K
  class space    used 12072K, committed 12480K, reserved 1048576K
}
Event: 22.801 GC heap after
{Heap after GC invocations=55 (full 0):
 garbage-first heap   total 202752K, used 108837K [0x0000000740000000, 0x0000000800000000)
  region size 2048K, 3 young (6144K), 3 survivors (6144K)
 Metaspace       used 89244K, committed 90048K, reserved 1179648K
  class space    used 12072K, committed 12480K, reserved 1048576K
}
Event: 23.015 GC heap before
{Heap before GC invocations=55 (full 0):
 garbage-first heap   total 202752K, used 172325K [0x0000000740000000, 0x0000000800000000)
  region size 2048K, 34 young (69632K), 3 survivors (6144K)
 Metaspace       used 89545K, committed 90432K, reserved 1179648K
  class space    used 12104K, committed 12544K, reserved 1048576K
}

